Using pre-set license
Built from '2022.3/release' branch; Version is '2022.3.20f1 (61c2feb0970d) revision 6406910'; Using compiler version '192829333'; Build Type 'Release'
OS: 'Windows 10  (10.0.19045) 64bit CoreSingleLanguage' Language: 'en' Physical Memory: 16062 MB
BatchMode: 1, IsHumanControllingUs: 0, StartBugReporterOnCrash: 0, Is64bit: 1, IsPro: 1

COMMAND LINE ARGUMENTS:
C:\Program Files\Unity\Hub\Editor\2022.3.20f1\Editor\Unity.exe
-adb2
-batchMode
-noUpm
-name
AssetImportWorker3
-projectPath
C:/Users/gabri/OneDrive/Documents/GADS2024/Semester1/Part1 Game Jam/CozyCauldron/CozyCauldron
-logFile
Logs/AssetImportWorker3.log
-srvPort
55465
Successfully changed project path to: C:/Users/gabri/OneDrive/Documents/GADS2024/Semester1/Part1 Game Jam/CozyCauldron/CozyCauldron
C:/Users/gabri/OneDrive/Documents/GADS2024/Semester1/Part1 Game Jam/CozyCauldron/CozyCauldron
[UnityMemory] Configuration Parameters - Can be set up in boot.config
    "memorysetup-bucket-allocator-granularity=16"
    "memorysetup-bucket-allocator-bucket-count=8"
    "memorysetup-bucket-allocator-block-size=33554432"
    "memorysetup-bucket-allocator-block-count=8"
    "memorysetup-main-allocator-block-size=16777216"
    "memorysetup-thread-allocator-block-size=16777216"
    "memorysetup-gfx-main-allocator-block-size=16777216"
    "memorysetup-gfx-thread-allocator-block-size=16777216"
    "memorysetup-cache-allocator-block-size=4194304"
    "memorysetup-typetree-allocator-block-size=2097152"
    "memorysetup-profiler-bucket-allocator-granularity=16"
    "memorysetup-profiler-bucket-allocator-bucket-count=8"
    "memorysetup-profiler-bucket-allocator-block-size=33554432"
    "memorysetup-profiler-bucket-allocator-block-count=8"
    "memorysetup-profiler-allocator-block-size=16777216"
    "memorysetup-profiler-editor-allocator-block-size=1048576"
    "memorysetup-temp-allocator-size-main=16777216"
    "memorysetup-job-temp-allocator-block-size=2097152"
    "memorysetup-job-temp-allocator-block-size-background=1048576"
    "memorysetup-job-temp-allocator-reduction-small-platforms=262144"
    "memorysetup-allocator-temp-initial-block-size-main=262144"
    "memorysetup-allocator-temp-initial-block-size-worker=262144"
    "memorysetup-temp-allocator-size-background-worker=32768"
    "memorysetup-temp-allocator-size-job-worker=262144"
    "memorysetup-temp-allocator-size-preload-manager=33554432"
    "memorysetup-temp-allocator-size-nav-mesh-worker=65536"
    "memorysetup-temp-allocator-size-audio-worker=65536"
    "memorysetup-temp-allocator-size-cloud-worker=32768"
    "memorysetup-temp-allocator-size-gi-baking-worker=262144"
    "memorysetup-temp-allocator-size-gfx=262144"
Player connection [10744] Host "[IP] 26.152.45.166 [Port] 0 [Flags] 2 [Guid] 379651085 [EditorId] 379651085 [Version] 1048832 [Id] WindowsEditor(7,LAPTOP-MOH6GNSI) [Debug] 1 [PackageName] WindowsEditor [ProjectName] Editor" joined multi-casting on [225.0.0.222:54997]...

Player connection [10744] Host "[IP] 26.152.45.166 [Port] 0 [Flags] 2 [Guid] 379651085 [EditorId] 379651085 [Version] 1048832 [Id] WindowsEditor(7,LAPTOP-MOH6GNSI) [Debug] 1 [PackageName] WindowsEditor [ProjectName] Editor" joined alternative multi-casting on [225.0.0.222:34997]...

[Physics::Module] Initialized MultithreadedJobDispatcher with 7 workers.
Refreshing native plugins compatible for Editor in 211.61 ms, found 4 plugins.
Preloading 0 native plugins for Editor in 0.00 ms.
Initialize engine version: 2022.3.20f1 (61c2feb0970d)
[Subsystems] Discovering subsystems at path C:/Program Files/Unity/Hub/Editor/2022.3.20f1/Editor/Data/Resources/UnitySubsystems
[Subsystems] Discovering subsystems at path C:/Users/gabri/OneDrive/Documents/GADS2024/Semester1/Part1 Game Jam/CozyCauldron/CozyCauldron/Assets
GfxDevice: creating device client; threaded=0; jobified=0
Direct3D:
    Version:  Direct3D 11.0 [level 11.1]
    Renderer: NVIDIA GeForce RTX 3050 Laptop GPU (ID=0x25a2)
    Vendor:   NVIDIA
    VRAM:     3965 MB
    Driver:   31.0.15.5212
Initialize mono
Mono path[0] = 'C:/Program Files/Unity/Hub/Editor/2022.3.20f1/Editor/Data/Managed'
Mono path[1] = 'C:/Program Files/Unity/Hub/Editor/2022.3.20f1/Editor/Data/MonoBleedingEdge/lib/mono/unityjit-win32'
Mono config path = 'C:/Program Files/Unity/Hub/Editor/2022.3.20f1/Editor/Data/MonoBleedingEdge/etc'
Using monoOptions --debugger-agent=transport=dt_socket,embedding=1,server=y,suspend=n,address=127.0.0.1:56520
Begin MonoManager ReloadAssembly
Registering precompiled unity dll's ...
Register platform support module: C:/Program Files/Unity/Hub/Editor/2022.3.20f1/Editor/Data/PlaybackEngines/WindowsStandaloneSupport/UnityEditor.WindowsStandalone.Extensions.dll
Registered in 0.015043 seconds.
- Loaded All Assemblies, in  1.118 seconds
Native extension for WindowsStandalone target not found
Mono: successfully reloaded assembly
- Finished resetting the current domain, in  0.357 seconds
Domain Reload Profiling: 1474ms
	BeginReloadAssembly (117ms)
		ExecutionOrderSort (0ms)
		DisableScriptedObjects (0ms)
		BackupInstance (0ms)
		ReleaseScriptingObjects (0ms)
		CreateAndSetChildDomain (1ms)
	RebuildCommonClasses (255ms)
	RebuildNativeTypeToScriptingClass (14ms)
	initialDomainReloadingComplete (100ms)
	LoadAllAssembliesAndSetupDomain (629ms)
		LoadAssemblies (114ms)
		RebuildTransferFunctionScriptingTraits (0ms)
		AnalyzeDomain (623ms)
			TypeCache.Refresh (622ms)
				TypeCache.ScanAssembly (606ms)
			ScanForSourceGeneratedMonoScriptInfo (0ms)
			ResolveRequiredComponents (0ms)
	FinalizeReload (359ms)
		ReleaseScriptCaches (0ms)
		RebuildScriptCaches (0ms)
		SetupLoadedEditorAssemblies (282ms)
			LogAssemblyErrors (0ms)
			InitializePlatformSupportModulesInManaged (12ms)
			SetLoadedEditorAssemblies (8ms)
			RefreshPlugins (0ms)
			BeforeProcessingInitializeOnLoad (3ms)
			ProcessInitializeOnLoadAttributes (165ms)
			ProcessInitializeOnLoadMethodAttributes (95ms)
			AfterProcessingInitializeOnLoad (0ms)
			EditorAssembliesLoaded (0ms)
		ExecutionOrderSort2 (0ms)
		AwakeInstancesAfterBackupRestoration (0ms)
========================================================================
Worker process is ready to serve import requests
Begin MonoManager ReloadAssembly
- Loaded All Assemblies, in  0.721 seconds
Refreshing native plugins compatible for Editor in 4.29 ms, found 4 plugins.
Native extension for WindowsStandalone target not found
Package Manager log level set to [2]
[Package Manager] Server::EnsureServerProcessIsRunning -- launch failed, reason: Unity was launched with the -noUpm command-line argument
[Package Manager] UpmClient::Send -- Unable to send message (not connected to UPM process).
[Package Manager] Cannot connect to Unity Package Manager local server
Mono: successfully reloaded assembly
- Finished resetting the current domain, in  0.849 seconds
Domain Reload Profiling: 1566ms
	BeginReloadAssembly (157ms)
		ExecutionOrderSort (0ms)
		DisableScriptedObjects (6ms)
		BackupInstance (0ms)
		ReleaseScriptingObjects (0ms)
		CreateAndSetChildDomain (28ms)
	RebuildCommonClasses (32ms)
	RebuildNativeTypeToScriptingClass (12ms)
	initialDomainReloadingComplete (45ms)
	LoadAllAssembliesAndSetupDomain (470ms)
		LoadAssemblies (386ms)
		RebuildTransferFunctionScriptingTraits (0ms)
		AnalyzeDomain (175ms)
			TypeCache.Refresh (149ms)
				TypeCache.ScanAssembly (132ms)
			ScanForSourceGeneratedMonoScriptInfo (21ms)
			ResolveRequiredComponents (4ms)
	FinalizeReload (849ms)
		ReleaseScriptCaches (0ms)
		RebuildScriptCaches (0ms)
		SetupLoadedEditorAssemblies (677ms)
			LogAssemblyErrors (0ms)
			InitializePlatformSupportModulesInManaged (8ms)
			SetLoadedEditorAssemblies (4ms)
			RefreshPlugins (0ms)
			BeforeProcessingInitializeOnLoad (113ms)
			ProcessInitializeOnLoadAttributes (473ms)
			ProcessInitializeOnLoadMethodAttributes (64ms)
			AfterProcessingInitializeOnLoad (14ms)
			EditorAssembliesLoaded (2ms)
		ExecutionOrderSort2 (0ms)
		AwakeInstancesAfterBackupRestoration (10ms)
Launched and connected shader compiler UnityShaderCompiler.exe after 0.08 seconds
Refreshing native plugins compatible for Editor in 9.13 ms, found 4 plugins.
Preloading 0 native plugins for Editor in 0.00 ms.
Unloading 4130 Unused Serialized files (Serialized files now loaded: 0)
Unloading 70 unused Assets / (244.7 KB). Loaded Objects now: 4586.
Memory consumption went from 150.9 MB to 150.6 MB.
Total: 5.750300 ms (FindLiveObjects: 0.445900 ms CreateObjectMapping: 0.257000 ms MarkObjects: 4.365300 ms  DeleteObjects: 0.678400 ms)

AssetImportParameters requested are different than current active one (requested -> active):
  custom:container-demuxer-ogg: 62fdf1f143b41e24485cea50d1cbac27 -> 
  custom:video-decoder-ogg-theora: a1e56fd34408186e4bbccfd4996cb3dc -> 
  custom:framework-win-MediaFoundation: 216162199b28c13a410421893ffa2e32 -> 
  custom:CustomObjectIndexerAttribute: 6d391050e5a25f67b0a2c618074f2cd9 -> 
  custom:container-demuxer-webm: 4f35f7cbe854078d1ac9338744f61a02 -> 
  custom:container-muxer-webm: aa71ff27fc2769a1b78a27578f13a17b -> 
  custom:video-decoder-webm-vp8: 9c59270c3fd7afecdb556c50c9e8de78 -> 
  custom:SearchIndexIgnoredProperties: e643bd26f0fe6173181afceb89e7c659 -> 
  custom:AudioImporter_EditorPlatform: d09bf68614088b80899f8185d706f6e7 -> 
  custom:video-encoder-webm-vp8: eb34c28f22e8b96e1ab97ce403110664 -> 
  custom:audio-decoder-ogg-vorbis: bf7c407c2cedff20999df2af8eb42d56 -> 
  custom:audio-encoder-webm-vorbis: bf7c407c2cedff20999df2af8eb42d56 -> 
========================================================================
Received Import Request.
  Time since last request: 189034.066806 seconds.
  path: Assets/Animations/Ghost1 1/Ghost4.png
  artifactKey: Guid(8a779754f79242f4781b8eff018fd9a7) Importer(815301076,1909f56bfc062723c751e8b465ee728b)
Start importing Assets/Animations/Ghost1 1/Ghost4.png using Guid(8a779754f79242f4781b8eff018fd9a7) Importer(815301076,1909f56bfc062723c751e8b465ee728b)  -> (artifact id: 'bc98a515c7825a8a12a1bcfd53a915c7') in 0.153958 seconds
Number of updated asset objects reloaded before import = 0
Number of asset objects unloaded after import = 3
========================================================================
Received Import Request.
  Time since last request: 0.000036 seconds.
  path: Assets/Animations/Ghost1 1/Ghost3.png
  artifactKey: Guid(4edf0f99445bbc24fb74b0247725655d) Importer(815301076,1909f56bfc062723c751e8b465ee728b)
Start importing Assets/Animations/Ghost1 1/Ghost3.png using Guid(4edf0f99445bbc24fb74b0247725655d) Importer(815301076,1909f56bfc062723c751e8b465ee728b)  -> (artifact id: 'c73e1e23819a63afedb653a49db1990c') in 0.040661 seconds
Number of updated asset objects reloaded before import = 0
Number of asset objects unloaded after import = 3
========================================================================
Received Import Request.
  Time since last request: 0.000023 seconds.
  path: Assets/Animations/Ghost1 3/Ghost3.png
  artifactKey: Guid(e9a82afd68bc3ac428c45cc92db0aed8) Importer(815301076,1909f56bfc062723c751e8b465ee728b)
Start importing Assets/Animations/Ghost1 3/Ghost3.png using Guid(e9a82afd68bc3ac428c45cc92db0aed8) Importer(815301076,1909f56bfc062723c751e8b465ee728b)  -> (artifact id: '3f592da8391dd05999f28b41744657b4') in 0.022060 seconds
Number of updated asset objects reloaded before import = 0
Number of asset objects unloaded after import = 3
========================================================================
Received Import Request.
  Time since last request: 0.000030 seconds.
  path: Assets/Animations/Ghost1 1/Ghost5.png
  artifactKey: Guid(db778f9640bb49547b2aae27c235a8f7) Importer(815301076,1909f56bfc062723c751e8b465ee728b)
Start importing Assets/Animations/Ghost1 1/Ghost5.png using Guid(db778f9640bb49547b2aae27c235a8f7) Importer(815301076,1909f56bfc062723c751e8b465ee728b)  -> (artifact id: '265aa9a281028e67a394bc0caa0503b5') in 0.042764 seconds
Number of updated asset objects reloaded before import = 0
Number of asset objects unloaded after import = 3
========================================================================
Received Import Request.
  Time since last request: 0.000019 seconds.
  path: Assets/Animations/Ghost1 1/Ghost6.png
  artifactKey: Guid(d1718d9b964f3c44b9660101507e6b8f) Importer(815301076,1909f56bfc062723c751e8b465ee728b)
Start importing Assets/Animations/Ghost1 1/Ghost6.png using Guid(d1718d9b964f3c44b9660101507e6b8f) Importer(815301076,1909f56bfc062723c751e8b465ee728b)  -> (artifact id: 'cd9df7623bcb9b914a5b00b1e53ee199') in 0.029538 seconds
Number of updated asset objects reloaded before import = 0
Number of asset objects unloaded after import = 3
========================================================================
Received Import Request.
  Time since last request: 0.000131 seconds.
  path: Assets/Animations/Ghost1 3/Ghost6.png
  artifactKey: Guid(32e6c946d651a424a9c3c88eeb3e57d8) Importer(815301076,1909f56bfc062723c751e8b465ee728b)
Start importing Assets/Animations/Ghost1 3/Ghost6.png using Guid(32e6c946d651a424a9c3c88eeb3e57d8) Importer(815301076,1909f56bfc062723c751e8b465ee728b)  -> (artifact id: '16fc9d5ca98e4cf9dffe7a5d9cec8fc1') in 0.023266 seconds
Number of updated asset objects reloaded before import = 0
Number of asset objects unloaded after import = 3
========================================================================
Received Import Request.
  Time since last request: 6.828423 seconds.
  path: Assets/Animations/Ghost1 2/Ghost2.png
  artifactKey: Guid(f01db4445ec437f498bce19c80305fa5) Importer(815301076,1909f56bfc062723c751e8b465ee728b)
Start importing Assets/Animations/Ghost1 2/Ghost2.png using Guid(f01db4445ec437f498bce19c80305fa5) Importer(815301076,1909f56bfc062723c751e8b465ee728b)  -> (artifact id: 'db2878dedc6fe1eefb9ac6bf01772adf') in 0.030750 seconds
Number of updated asset objects reloaded before import = 0
Number of asset objects unloaded after import = 3
========================================================================
Received Import Request.
  Time since last request: 0.000112 seconds.
  path: Assets/Animations/Ghost1 2/Ghost6.png
  artifactKey: Guid(c92b59e2f78e2b5499905cf510fc9e3f) Importer(815301076,1909f56bfc062723c751e8b465ee728b)
Start importing Assets/Animations/Ghost1 2/Ghost6.png using Guid(c92b59e2f78e2b5499905cf510fc9e3f) Importer(815301076,1909f56bfc062723c751e8b465ee728b)  -> (artifact id: '1beb6bd6e9a521c34b54064ed458a65c') in 0.026776 seconds
Number of updated asset objects reloaded before import = 0
Number of asset objects unloaded after import = 3
========================================================================
Received Import Request.
  Time since last request: 0.000025 seconds.
  path: Assets/Animations/Ghost1 2/Ghost4.png
  artifactKey: Guid(a27c2801b9916aa48b2bdd77d793c58e) Importer(815301076,1909f56bfc062723c751e8b465ee728b)
Start importing Assets/Animations/Ghost1 2/Ghost4.png using Guid(a27c2801b9916aa48b2bdd77d793c58e) Importer(815301076,1909f56bfc062723c751e8b465ee728b)  -> (artifact id: '5386fe2b5a848839c7a390175f4d67d1') in 0.033094 seconds
Number of updated asset objects reloaded before import = 0
Number of asset objects unloaded after import = 3
========================================================================
Received Import Request.
  Time since last request: 264.806701 seconds.
  path: Assets/Animations/Ghost2/Ghost3.png
  artifactKey: Guid(4edf0f99445bbc24fb74b0247725655d) Importer(815301076,1909f56bfc062723c751e8b465ee728b)
Start importing Assets/Animations/Ghost2/Ghost3.png using Guid(4edf0f99445bbc24fb74b0247725655d) Importer(815301076,1909f56bfc062723c751e8b465ee728b)  -> (artifact id: '129d9f1fca73b7b67a677a18b8d8b387') in 0.084354 seconds
Number of updated asset objects reloaded before import = 0
Number of asset objects unloaded after import = 3
========================================================================
Received Import Request.
  Time since last request: 0.000185 seconds.
  path: Assets/Animations/Ghost2/Ghost5.png
  artifactKey: Guid(db778f9640bb49547b2aae27c235a8f7) Importer(815301076,1909f56bfc062723c751e8b465ee728b)
Start importing Assets/Animations/Ghost2/Ghost5.png using Guid(db778f9640bb49547b2aae27c235a8f7) Importer(815301076,1909f56bfc062723c751e8b465ee728b)  -> (artifact id: '19b3ca6932ea34063c9ad550963da7ad') in 0.099175 seconds
Number of updated asset objects reloaded before import = 0
Number of asset objects unloaded after import = 3
========================================================================
Received Import Request.
  Time since last request: 0.000041 seconds.
  path: Assets/Animations/Ghost2/Ghost7.png
  artifactKey: Guid(10de669f7572f4e49a90987410dacb31) Importer(815301076,1909f56bfc062723c751e8b465ee728b)
Start importing Assets/Animations/Ghost2/Ghost7.png using Guid(10de669f7572f4e49a90987410dacb31) Importer(815301076,1909f56bfc062723c751e8b465ee728b)  -> (artifact id: 'f60d76fddf49412156b62d605fc20f3f') in 0.068478 seconds
Number of updated asset objects reloaded before import = 0
Number of asset objects unloaded after import = 3
========================================================================
Received Import Request.
  Time since last request: 31.462682 seconds.
  path: Assets/Animations/Ghost3/Ghost4.png
  artifactKey: Guid(a27c2801b9916aa48b2bdd77d793c58e) Importer(815301076,1909f56bfc062723c751e8b465ee728b)
Start importing Assets/Animations/Ghost3/Ghost4.png using Guid(a27c2801b9916aa48b2bdd77d793c58e) Importer(815301076,1909f56bfc062723c751e8b465ee728b)  -> (artifact id: 'd0febb39377b5871528440b0b241d709') in 0.053894 seconds
Number of updated asset objects reloaded before import = 0
Number of asset objects unloaded after import = 3
========================================================================
Received Import Request.
  Time since last request: 0.000036 seconds.
  path: Assets/Animations/Ghost3/Ghost5.png
  artifactKey: Guid(2222832edd64590429067d8d02f6c8a4) Importer(815301076,1909f56bfc062723c751e8b465ee728b)
Start importing Assets/Animations/Ghost3/Ghost5.png using Guid(2222832edd64590429067d8d02f6c8a4) Importer(815301076,1909f56bfc062723c751e8b465ee728b)  -> (artifact id: 'f1400786378fce60ad05e61263099cc2') in 0.057421 seconds
Number of updated asset objects reloaded before import = 0
Number of asset objects unloaded after import = 3
========================================================================
Received Import Request.
  Time since last request: 0.000104 seconds.
  path: Assets/Animations/Ghost3/Ghost8.png
  artifactKey: Guid(d72314f272b50f348bd140cbe3666e22) Importer(815301076,1909f56bfc062723c751e8b465ee728b)
Start importing Assets/Animations/Ghost3/Ghost8.png using Guid(d72314f272b50f348bd140cbe3666e22) Importer(815301076,1909f56bfc062723c751e8b465ee728b)  -> (artifact id: '76cefc6c196023c4d51ce3b8c84c562f') in 0.050539 seconds
Number of updated asset objects reloaded before import = 0
Number of asset objects unloaded after import = 3
========================================================================
Received Import Request.
  Time since last request: 27.892305 seconds.
  path: Assets/Animations/Ghost4/GhostArc2.png
  artifactKey: Guid(98e49639bddcfee47aa1eb1406d6b3d5) Importer(815301076,1909f56bfc062723c751e8b465ee728b)
Start importing Assets/Animations/Ghost4/GhostArc2.png using Guid(98e49639bddcfee47aa1eb1406d6b3d5) Importer(815301076,1909f56bfc062723c751e8b465ee728b)  -> (artifact id: '7fbf4fd3b4cf6c7f5f620de70b248b80') in 0.043248 seconds
Number of updated asset objects reloaded before import = 0
Number of asset objects unloaded after import = 3
========================================================================
Received Import Request.
  Time since last request: 0.000046 seconds.
  path: Assets/Animations/Ghost4/GhostArc12.png
  artifactKey: Guid(c0346094fb77cbe45bbf88d65a91d5da) Importer(815301076,1909f56bfc062723c751e8b465ee728b)
Start importing Assets/Animations/Ghost4/GhostArc12.png using Guid(c0346094fb77cbe45bbf88d65a91d5da) Importer(815301076,1909f56bfc062723c751e8b465ee728b)  -> (artifact id: '39b20481447fab973fe544bde1769918') in 0.067168 seconds
Number of updated asset objects reloaded before import = 0
Number of asset objects unloaded after import = 3
========================================================================
Received Import Request.
  Time since last request: 0.000150 seconds.
  path: Assets/Animations/Ghost4/GhostArc7.png
  artifactKey: Guid(cdcdeb2515647694ba724414ef14d7f9) Importer(815301076,1909f56bfc062723c751e8b465ee728b)
Start importing Assets/Animations/Ghost4/GhostArc7.png using Guid(cdcdeb2515647694ba724414ef14d7f9) Importer(815301076,1909f56bfc062723c751e8b465ee728b)  -> (artifact id: '36acaf3f214be086788e6282239b90ed') in 0.055863 seconds
Number of updated asset objects reloaded before import = 0
Number of asset objects unloaded after import = 3
========================================================================
Received Import Request.
  Time since last request: 0.000034 seconds.
  path: Assets/Animations/Ghost4/GhostArc19.png
  artifactKey: Guid(e6a0fea004b408b4bb0d4a65c1a51e45) Importer(815301076,1909f56bfc062723c751e8b465ee728b)
Start importing Assets/Animations/Ghost4/GhostArc19.png using Guid(e6a0fea004b408b4bb0d4a65c1a51e45) Importer(815301076,1909f56bfc062723c751e8b465ee728b)  -> (artifact id: '851d264e50c9ae70366a90b097a5caa7') in 0.048068 seconds
Number of updated asset objects reloaded before import = 0
Number of asset objects unloaded after import = 3
========================================================================
Received Import Request.
  Time since last request: 0.000090 seconds.
  path: Assets/Animations/Ghost4/GhostArc23.png
  artifactKey: Guid(184d1eb029900b142ad6ff1094d299d6) Importer(815301076,1909f56bfc062723c751e8b465ee728b)
Start importing Assets/Animations/Ghost4/GhostArc23.png using Guid(184d1eb029900b142ad6ff1094d299d6) Importer(815301076,1909f56bfc062723c751e8b465ee728b)  -> (artifact id: '5d81f5bec6375d63d64d6b6755746473') in 0.060346 seconds
Number of updated asset objects reloaded before import = 0
Number of asset objects unloaded after import = 3
========================================================================
Received Import Request.
  Time since last request: 0.000072 seconds.
  path: Assets/Animations/Ghost4/GhostArc8.png
  artifactKey: Guid(e0e3bc3e74eceaa4daf380abba5f022f) Importer(815301076,1909f56bfc062723c751e8b465ee728b)
Start importing Assets/Animations/Ghost4/GhostArc8.png using Guid(e0e3bc3e74eceaa4daf380abba5f022f) Importer(815301076,1909f56bfc062723c751e8b465ee728b)  -> (artifact id: '78d551b0c7b5302b32d73954e230ceef') in 0.052220 seconds
Number of updated asset objects reloaded before import = 0
Number of asset objects unloaded after import = 3
========================================================================
Received Import Request.
  Time since last request: 0.000039 seconds.
  path: Assets/Animations/Ghost4/GhostArc22.png
  artifactKey: Guid(7f8375e5e63cd2b4e833bf04aaec3c2e) Importer(815301076,1909f56bfc062723c751e8b465ee728b)
Start importing Assets/Animations/Ghost4/GhostArc22.png using Guid(7f8375e5e63cd2b4e833bf04aaec3c2e) Importer(815301076,1909f56bfc062723c751e8b465ee728b)  -> (artifact id: 'd95736814e0a63c9d770078e8fc93856') in 0.057230 seconds
Number of updated asset objects reloaded before import = 0
Number of asset objects unloaded after import = 3
========================================================================
Received Import Request.
  Time since last request: 0.000039 seconds.
  path: Assets/Animations/Ghost4/GhostArc6.png
  artifactKey: Guid(abf442a422a5b6f45b3cb3095718a3a4) Importer(815301076,1909f56bfc062723c751e8b465ee728b)
Start importing Assets/Animations/Ghost4/GhostArc6.png using Guid(abf442a422a5b6f45b3cb3095718a3a4) Importer(815301076,1909f56bfc062723c751e8b465ee728b)  -> (artifact id: '689d2c057d046af179ff773c143f47fa') in 0.037861 seconds
Number of updated asset objects reloaded before import = 0
Number of asset objects unloaded after import = 3
========================================================================
Received Import Request.
  Time since last request: 0.000034 seconds.
  path: Assets/Animations/Ghost4/GhostArc3.png
  artifactKey: Guid(b925e6ada95f52540a450b42cd157333) Importer(815301076,1909f56bfc062723c751e8b465ee728b)
Start importing Assets/Animations/Ghost4/GhostArc3.png using Guid(b925e6ada95f52540a450b42cd157333) Importer(815301076,1909f56bfc062723c751e8b465ee728b)  -> (artifact id: '8e82b980446d4795512d7699fd133b0d') in 0.039970 seconds
Number of updated asset objects reloaded before import = 0
Number of asset objects unloaded after import = 3
========================================================================
Received Import Request.
  Time since last request: 0.000074 seconds.
  path: Assets/Animations/Ghost4/GhostArc18.png
  artifactKey: Guid(58b2ccf1f37f2f143a7f7bb1b8cff038) Importer(815301076,1909f56bfc062723c751e8b465ee728b)
Start importing Assets/Animations/Ghost4/GhostArc18.png using Guid(58b2ccf1f37f2f143a7f7bb1b8cff038) Importer(815301076,1909f56bfc062723c751e8b465ee728b)  -> (artifact id: 'fee6df424dfc66fe06fa600d9ad533fd') in 0.037059 seconds
Number of updated asset objects reloaded before import = 0
Number of asset objects unloaded after import = 3
========================================================================
Received Import Request.
  Time since last request: 0.000032 seconds.
  path: Assets/Animations/Ghost4/GhostArc10.png
  artifactKey: Guid(ed373e0954cfc804399801a5466f1ffa) Importer(815301076,1909f56bfc062723c751e8b465ee728b)
Start importing Assets/Animations/Ghost4/GhostArc10.png using Guid(ed373e0954cfc804399801a5466f1ffa) Importer(815301076,1909f56bfc062723c751e8b465ee728b)  -> (artifact id: '984dfafaca74d9b0d8785100daedec2a') in 0.043126 seconds
Number of updated asset objects reloaded before import = 0
Number of asset objects unloaded after import = 3
========================================================================
Received Import Request.
  Time since last request: 0.000016 seconds.
  path: Assets/Animations/Ghost4/GhostArc5.png
  artifactKey: Guid(c3e23a159951c264f958c99359dff56a) Importer(815301076,1909f56bfc062723c751e8b465ee728b)
Start importing Assets/Animations/Ghost4/GhostArc5.png using Guid(c3e23a159951c264f958c99359dff56a) Importer(815301076,1909f56bfc062723c751e8b465ee728b)  -> (artifact id: 'e02c230a0e5fd817e93effb18989b09c') in 0.034539 seconds
Number of updated asset objects reloaded before import = 0
Number of asset objects unloaded after import = 3
========================================================================
Received Prepare
Begin MonoManager ReloadAssembly
- Loaded All Assemblies, in  0.568 seconds
Refreshing native plugins compatible for Editor in 4.99 ms, found 4 plugins.
Native extension for WindowsStandalone target not found
[Package Manager] Server::EnsureServerProcessIsRunning -- launch failed, reason: Unity was launched with the -noUpm command-line argument
[Package Manager] UpmClient::Send -- Unable to send message (not connected to UPM process).
[Package Manager] Cannot connect to Unity Package Manager local server
Mono: successfully reloaded assembly
- Finished resetting the current domain, in  4.168 seconds
Domain Reload Profiling: 4736ms
	BeginReloadAssembly (162ms)
		ExecutionOrderSort (0ms)
		DisableScriptedObjects (12ms)
		BackupInstance (0ms)
		ReleaseScriptingObjects (0ms)
		CreateAndSetChildDomain (42ms)
	RebuildCommonClasses (31ms)
	RebuildNativeTypeToScriptingClass (11ms)
	initialDomainReloadingComplete (31ms)
	LoadAllAssembliesAndSetupDomain (330ms)
		LoadAssemblies (397ms)
		RebuildTransferFunctionScriptingTraits (0ms)
		AnalyzeDomain (11ms)
			TypeCache.Refresh (5ms)
				TypeCache.ScanAssembly (0ms)
			ScanForSourceGeneratedMonoScriptInfo (0ms)
			ResolveRequiredComponents (5ms)
	FinalizeReload (4172ms)
		ReleaseScriptCaches (0ms)
		RebuildScriptCaches (0ms)
		SetupLoadedEditorAssemblies (1901ms)
			LogAssemblyErrors (0ms)
			InitializePlatformSupportModulesInManaged (29ms)
			SetLoadedEditorAssemblies (20ms)
			RefreshPlugins (0ms)
			BeforeProcessingInitializeOnLoad (355ms)
			ProcessInitializeOnLoadAttributes (1324ms)
			ProcessInitializeOnLoadMethodAttributes (146ms)
			AfterProcessingInitializeOnLoad (26ms)
			EditorAssembliesLoaded (1ms)
		ExecutionOrderSort2 (0ms)
		AwakeInstancesAfterBackupRestoration (56ms)
Refreshing native plugins compatible for Editor in 4.86 ms, found 4 plugins.
Preloading 0 native plugins for Editor in 0.00 ms.
Unloading 4111 Unused Serialized files (Serialized files now loaded: 0)
Unloading 42 unused Assets / (217.8 KB). Loaded Objects now: 4597.
Memory consumption went from 152.5 MB to 152.3 MB.
Total: 3.028100 ms (FindLiveObjects: 0.396700 ms CreateObjectMapping: 0.132000 ms MarkObjects: 2.301100 ms  DeleteObjects: 0.197100 ms)

Prepare: number of updated asset objects reloaded= 0
AssetImportParameters requested are different than current active one (requested -> active):
  custom:container-demuxer-ogg: 62fdf1f143b41e24485cea50d1cbac27 -> 
  custom:video-decoder-ogg-theora: a1e56fd34408186e4bbccfd4996cb3dc -> 
  custom:framework-win-MediaFoundation: 216162199b28c13a410421893ffa2e32 -> 
  custom:CustomObjectIndexerAttribute: 6d391050e5a25f67b0a2c618074f2cd9 -> 
  custom:container-demuxer-webm: 4f35f7cbe854078d1ac9338744f61a02 -> 
  custom:container-muxer-webm: aa71ff27fc2769a1b78a27578f13a17b -> 
  custom:video-decoder-webm-vp8: 9c59270c3fd7afecdb556c50c9e8de78 -> 
  custom:SearchIndexIgnoredProperties: e643bd26f0fe6173181afceb89e7c659 -> 
  custom:AudioImporter_EditorPlatform: d09bf68614088b80899f8185d706f6e7 -> 
  custom:video-encoder-webm-vp8: eb34c28f22e8b96e1ab97ce403110664 -> 
  custom:audio-decoder-ogg-vorbis: bf7c407c2cedff20999df2af8eb42d56 -> 
  custom:audio-encoder-webm-vorbis: bf7c407c2cedff20999df2af8eb42d56 -> 
