Using pre-set license
Built from '2022.3/release' branch; Version is '2022.3.20f1 (61c2feb0970d) revision 6406910'; Using compiler version '192829333'; Build Type 'Release'
OS: 'Windows 10  (10.0.19045) 64bit CoreSingleLanguage' Language: 'en' Physical Memory: 16062 MB
BatchMode: 1, IsHumanControllingUs: 0, StartBugReporterOnCrash: 0, Is64bit: 1, IsPro: 1

COMMAND LINE ARGUMENTS:
C:\Program Files\Unity\Hub\Editor\2022.3.20f1\Editor\Unity.exe
-adb2
-batchMode
-noUpm
-name
AssetImportWorker2
-projectPath
C:/Users/gabri/OneDrive/Documents/GADS2024/Semester1/Part1 Game Jam/CozyCauldron/CozyCauldron
-logFile
Logs/AssetImportWorker2.log
-srvPort
55465
Successfully changed project path to: C:/Users/gabri/OneDrive/Documents/GADS2024/Semester1/Part1 Game Jam/CozyCauldron/CozyCauldron
C:/Users/gabri/OneDrive/Documents/GADS2024/Semester1/Part1 Game Jam/CozyCauldron/CozyCauldron
[UnityMemory] Configuration Parameters - Can be set up in boot.config
    "memorysetup-bucket-allocator-granularity=16"
    "memorysetup-bucket-allocator-bucket-count=8"
    "memorysetup-bucket-allocator-block-size=33554432"
    "memorysetup-bucket-allocator-block-count=8"
    "memorysetup-main-allocator-block-size=16777216"
    "memorysetup-thread-allocator-block-size=16777216"
    "memorysetup-gfx-main-allocator-block-size=16777216"
    "memorysetup-gfx-thread-allocator-block-size=16777216"
    "memorysetup-cache-allocator-block-size=4194304"
    "memorysetup-typetree-allocator-block-size=2097152"
    "memorysetup-profiler-bucket-allocator-granularity=16"
    "memorysetup-profiler-bucket-allocator-bucket-count=8"
    "memorysetup-profiler-bucket-allocator-block-size=33554432"
    "memorysetup-profiler-bucket-allocator-block-count=8"
    "memorysetup-profiler-allocator-block-size=16777216"
    "memorysetup-profiler-editor-allocator-block-size=1048576"
    "memorysetup-temp-allocator-size-main=16777216"
    "memorysetup-job-temp-allocator-block-size=2097152"
    "memorysetup-job-temp-allocator-block-size-background=1048576"
    "memorysetup-job-temp-allocator-reduction-small-platforms=262144"
    "memorysetup-allocator-temp-initial-block-size-main=262144"
    "memorysetup-allocator-temp-initial-block-size-worker=262144"
    "memorysetup-temp-allocator-size-background-worker=32768"
    "memorysetup-temp-allocator-size-job-worker=262144"
    "memorysetup-temp-allocator-size-preload-manager=33554432"
    "memorysetup-temp-allocator-size-nav-mesh-worker=65536"
    "memorysetup-temp-allocator-size-audio-worker=65536"
    "memorysetup-temp-allocator-size-cloud-worker=32768"
    "memorysetup-temp-allocator-size-gi-baking-worker=262144"
    "memorysetup-temp-allocator-size-gfx=262144"
Player connection [7460] Host "[IP] 26.152.45.166 [Port] 0 [Flags] 2 [Guid] 360669506 [EditorId] 360669506 [Version] 1048832 [Id] WindowsEditor(7,LAPTOP-MOH6GNSI) [Debug] 1 [PackageName] WindowsEditor [ProjectName] Editor" joined multi-casting on [225.0.0.222:54997]...

Player connection [7460] Host "[IP] 26.152.45.166 [Port] 0 [Flags] 2 [Guid] 360669506 [EditorId] 360669506 [Version] 1048832 [Id] WindowsEditor(7,LAPTOP-MOH6GNSI) [Debug] 1 [PackageName] WindowsEditor [ProjectName] Editor" joined alternative multi-casting on [225.0.0.222:34997]...

[Physics::Module] Initialized MultithreadedJobDispatcher with 7 workers.
Refreshing native plugins compatible for Editor in 211.29 ms, found 4 plugins.
Preloading 0 native plugins for Editor in 0.00 ms.
Initialize engine version: 2022.3.20f1 (61c2feb0970d)
[Subsystems] Discovering subsystems at path C:/Program Files/Unity/Hub/Editor/2022.3.20f1/Editor/Data/Resources/UnitySubsystems
[Subsystems] Discovering subsystems at path C:/Users/gabri/OneDrive/Documents/GADS2024/Semester1/Part1 Game Jam/CozyCauldron/CozyCauldron/Assets
GfxDevice: creating device client; threaded=0; jobified=0
Direct3D:
    Version:  Direct3D 11.0 [level 11.1]
    Renderer: NVIDIA GeForce RTX 3050 Laptop GPU (ID=0x25a2)
    Vendor:   NVIDIA
    VRAM:     3965 MB
    Driver:   31.0.15.5212
Initialize mono
Mono path[0] = 'C:/Program Files/Unity/Hub/Editor/2022.3.20f1/Editor/Data/Managed'
Mono path[1] = 'C:/Program Files/Unity/Hub/Editor/2022.3.20f1/Editor/Data/MonoBleedingEdge/lib/mono/unityjit-win32'
Mono config path = 'C:/Program Files/Unity/Hub/Editor/2022.3.20f1/Editor/Data/MonoBleedingEdge/etc'
Using monoOptions --debugger-agent=transport=dt_socket,embedding=1,server=y,suspend=n,address=127.0.0.1:56520
Begin MonoManager ReloadAssembly
Registering precompiled unity dll's ...
Register platform support module: C:/Program Files/Unity/Hub/Editor/2022.3.20f1/Editor/Data/PlaybackEngines/WindowsStandaloneSupport/UnityEditor.WindowsStandalone.Extensions.dll
Registered in 0.014397 seconds.
- Loaded All Assemblies, in  1.117 seconds
Native extension for WindowsStandalone target not found
Mono: successfully reloaded assembly
- Finished resetting the current domain, in  0.362 seconds
Domain Reload Profiling: 1476ms
	BeginReloadAssembly (119ms)
		ExecutionOrderSort (0ms)
		DisableScriptedObjects (0ms)
		BackupInstance (0ms)
		ReleaseScriptingObjects (0ms)
		CreateAndSetChildDomain (1ms)
	RebuildCommonClasses (250ms)
	RebuildNativeTypeToScriptingClass (14ms)
	initialDomainReloadingComplete (105ms)
	LoadAllAssembliesAndSetupDomain (625ms)
		LoadAssemblies (118ms)
		RebuildTransferFunctionScriptingTraits (0ms)
		AnalyzeDomain (621ms)
			TypeCache.Refresh (619ms)
				TypeCache.ScanAssembly (603ms)
			ScanForSourceGeneratedMonoScriptInfo (1ms)
			ResolveRequiredComponents (1ms)
	FinalizeReload (363ms)
		ReleaseScriptCaches (0ms)
		RebuildScriptCaches (0ms)
		SetupLoadedEditorAssemblies (279ms)
			LogAssemblyErrors (0ms)
			InitializePlatformSupportModulesInManaged (11ms)
			SetLoadedEditorAssemblies (8ms)
			RefreshPlugins (0ms)
			BeforeProcessingInitializeOnLoad (3ms)
			ProcessInitializeOnLoadAttributes (173ms)
			ProcessInitializeOnLoadMethodAttributes (84ms)
			AfterProcessingInitializeOnLoad (0ms)
			EditorAssembliesLoaded (0ms)
		ExecutionOrderSort2 (0ms)
		AwakeInstancesAfterBackupRestoration (0ms)
========================================================================
Worker process is ready to serve import requests
Begin MonoManager ReloadAssembly
- Loaded All Assemblies, in  0.709 seconds
Refreshing native plugins compatible for Editor in 4.61 ms, found 4 plugins.
Native extension for WindowsStandalone target not found
Package Manager log level set to [2]
[Package Manager] Server::EnsureServerProcessIsRunning -- launch failed, reason: Unity was launched with the -noUpm command-line argument
[Package Manager] UpmClient::Send -- Unable to send message (not connected to UPM process).
[Package Manager] Cannot connect to Unity Package Manager local server
Mono: successfully reloaded assembly
- Finished resetting the current domain, in  0.841 seconds
Domain Reload Profiling: 1543ms
	BeginReloadAssembly (153ms)
		ExecutionOrderSort (0ms)
		DisableScriptedObjects (5ms)
		BackupInstance (0ms)
		ReleaseScriptingObjects (0ms)
		CreateAndSetChildDomain (23ms)
	RebuildCommonClasses (32ms)
	RebuildNativeTypeToScriptingClass (13ms)
	initialDomainReloadingComplete (43ms)
	LoadAllAssembliesAndSetupDomain (461ms)
		LoadAssemblies (389ms)
		RebuildTransferFunctionScriptingTraits (0ms)
		AnalyzeDomain (162ms)
			TypeCache.Refresh (135ms)
				TypeCache.ScanAssembly (119ms)
			ScanForSourceGeneratedMonoScriptInfo (21ms)
			ResolveRequiredComponents (5ms)
	FinalizeReload (841ms)
		ReleaseScriptCaches (0ms)
		RebuildScriptCaches (0ms)
		SetupLoadedEditorAssemblies (663ms)
			LogAssemblyErrors (0ms)
			InitializePlatformSupportModulesInManaged (7ms)
			SetLoadedEditorAssemblies (5ms)
			RefreshPlugins (0ms)
			BeforeProcessingInitializeOnLoad (113ms)
			ProcessInitializeOnLoadAttributes (465ms)
			ProcessInitializeOnLoadMethodAttributes (60ms)
			AfterProcessingInitializeOnLoad (13ms)
			EditorAssembliesLoaded (0ms)
		ExecutionOrderSort2 (0ms)
		AwakeInstancesAfterBackupRestoration (8ms)
Launched and connected shader compiler UnityShaderCompiler.exe after 0.11 seconds
Refreshing native plugins compatible for Editor in 9.19 ms, found 4 plugins.
Preloading 0 native plugins for Editor in 0.00 ms.
Unloading 4130 Unused Serialized files (Serialized files now loaded: 0)
Unloading 70 unused Assets / (245.0 KB). Loaded Objects now: 4586.
Memory consumption went from 150.8 MB to 150.6 MB.
Total: 8.180300 ms (FindLiveObjects: 1.469900 ms CreateObjectMapping: 1.494500 ms MarkObjects: 4.768400 ms  DeleteObjects: 0.444400 ms)

AssetImportParameters requested are different than current active one (requested -> active):
  custom:container-demuxer-ogg: 62fdf1f143b41e24485cea50d1cbac27 -> 
  custom:video-decoder-ogg-theora: a1e56fd34408186e4bbccfd4996cb3dc -> 
  custom:framework-win-MediaFoundation: 216162199b28c13a410421893ffa2e32 -> 
  custom:CustomObjectIndexerAttribute: 6d391050e5a25f67b0a2c618074f2cd9 -> 
  custom:container-demuxer-webm: 4f35f7cbe854078d1ac9338744f61a02 -> 
  custom:container-muxer-webm: aa71ff27fc2769a1b78a27578f13a17b -> 
  custom:video-decoder-webm-vp8: 9c59270c3fd7afecdb556c50c9e8de78 -> 
  custom:SearchIndexIgnoredProperties: e643bd26f0fe6173181afceb89e7c659 -> 
  custom:AudioImporter_EditorPlatform: d09bf68614088b80899f8185d706f6e7 -> 
  custom:video-encoder-webm-vp8: eb34c28f22e8b96e1ab97ce403110664 -> 
  custom:audio-decoder-ogg-vorbis: bf7c407c2cedff20999df2af8eb42d56 -> 
  custom:audio-encoder-webm-vorbis: bf7c407c2cedff20999df2af8eb42d56 -> 
========================================================================
Received Import Request.
  Time since last request: 189034.061558 seconds.
  path: Assets/Animations/Ghost1 3/Ghost4.png
  artifactKey: Guid(b2da2da768f462941ade5402665b5c24) Importer(815301076,1909f56bfc062723c751e8b465ee728b)
Start importing Assets/Animations/Ghost1 3/Ghost4.png using Guid(b2da2da768f462941ade5402665b5c24) Importer(815301076,1909f56bfc062723c751e8b465ee728b)  -> (artifact id: '140a4a5730eb45f7faac438f61c51eb2') in 0.161760 seconds
Number of updated asset objects reloaded before import = 0
Number of asset objects unloaded after import = 3
========================================================================
Received Import Request.
  Time since last request: 0.000033 seconds.
  path: Assets/Animations/Ghost1 3/Ghost2.png
  artifactKey: Guid(337457603670f52448be693936000b84) Importer(815301076,1909f56bfc062723c751e8b465ee728b)
Start importing Assets/Animations/Ghost1 3/Ghost2.png using Guid(337457603670f52448be693936000b84) Importer(815301076,1909f56bfc062723c751e8b465ee728b)  -> (artifact id: '6185fd24a9cb7dbec5dfc81a26798e28') in 0.040467 seconds
Number of updated asset objects reloaded before import = 0
Number of asset objects unloaded after import = 3
========================================================================
Received Import Request.
  Time since last request: 0.000042 seconds.
  path: Assets/Animations/Ghost1 1/Ghost2.png
  artifactKey: Guid(abe124037022845459707ad383d6a430) Importer(815301076,1909f56bfc062723c751e8b465ee728b)
Start importing Assets/Animations/Ghost1 1/Ghost2.png using Guid(abe124037022845459707ad383d6a430) Importer(815301076,1909f56bfc062723c751e8b465ee728b)  -> (artifact id: 'a10b9b4ddb226e7efa338008b89c98ec') in 0.021542 seconds
Number of updated asset objects reloaded before import = 0
Number of asset objects unloaded after import = 3
========================================================================
Received Import Request.
  Time since last request: 0.000177 seconds.
  path: Assets/Animations/Ghost1 3/Ghost1.png
  artifactKey: Guid(d8b5ac4b3b73dc644a74ac7c3b4241f9) Importer(815301076,1909f56bfc062723c751e8b465ee728b)
Start importing Assets/Animations/Ghost1 3/Ghost1.png using Guid(d8b5ac4b3b73dc644a74ac7c3b4241f9) Importer(815301076,1909f56bfc062723c751e8b465ee728b)  -> (artifact id: '498239f214b599761f186d749dc2ba40') in 0.037142 seconds
Number of updated asset objects reloaded before import = 0
Number of asset objects unloaded after import = 3
========================================================================
Received Import Request.
  Time since last request: 0.000020 seconds.
  path: Assets/Animations/Ghost1 3/Ghost5.png
  artifactKey: Guid(33582a471482758488ccfa85d9f4702f) Importer(815301076,1909f56bfc062723c751e8b465ee728b)
Start importing Assets/Animations/Ghost1 3/Ghost5.png using Guid(33582a471482758488ccfa85d9f4702f) Importer(815301076,1909f56bfc062723c751e8b465ee728b)  -> (artifact id: 'ed4f3a8f05706ca632b037609b38e472') in 0.023982 seconds
Number of updated asset objects reloaded before import = 0
Number of asset objects unloaded after import = 3
========================================================================
Received Import Request.
  Time since last request: 0.000036 seconds.
  path: Assets/Animations/Ghost1 1/Ghost1.png
  artifactKey: Guid(ccaae53220846f84b945fc24ffed2eec) Importer(815301076,1909f56bfc062723c751e8b465ee728b)
Start importing Assets/Animations/Ghost1 1/Ghost1.png using Guid(ccaae53220846f84b945fc24ffed2eec) Importer(815301076,1909f56bfc062723c751e8b465ee728b)  -> (artifact id: '3b410ac8a1f36be7c6cb7b800a394a3d') in 0.039617 seconds
Number of updated asset objects reloaded before import = 0
Number of asset objects unloaded after import = 3
========================================================================
Received Import Request.
  Time since last request: 6.831542 seconds.
  path: Assets/Animations/Ghost1 2/Ghost1.png
  artifactKey: Guid(f900844d7200c6541be86895f3e10739) Importer(815301076,1909f56bfc062723c751e8b465ee728b)
Start importing Assets/Animations/Ghost1 2/Ghost1.png using Guid(f900844d7200c6541be86895f3e10739) Importer(815301076,1909f56bfc062723c751e8b465ee728b)  -> (artifact id: '7f394a1ae10f0548bab3352f2c52fd71') in 0.030867 seconds
Number of updated asset objects reloaded before import = 0
Number of asset objects unloaded after import = 3
========================================================================
Received Import Request.
  Time since last request: 0.000210 seconds.
  path: Assets/Animations/Ghost1 2/Ghost3.png
  artifactKey: Guid(4fa9ef593c93ea142865e621a7320e54) Importer(815301076,1909f56bfc062723c751e8b465ee728b)
Start importing Assets/Animations/Ghost1 2/Ghost3.png using Guid(4fa9ef593c93ea142865e621a7320e54) Importer(815301076,1909f56bfc062723c751e8b465ee728b)  -> (artifact id: '7fc2d882fa35f289c3cebdb2eced7f38') in 0.023015 seconds
Number of updated asset objects reloaded before import = 0
Number of asset objects unloaded after import = 3
========================================================================
Received Import Request.
  Time since last request: 0.000124 seconds.
  path: Assets/Animations/Ghost1 2/Ghost5.png
  artifactKey: Guid(2222832edd64590429067d8d02f6c8a4) Importer(815301076,1909f56bfc062723c751e8b465ee728b)
Start importing Assets/Animations/Ghost1 2/Ghost5.png using Guid(2222832edd64590429067d8d02f6c8a4) Importer(815301076,1909f56bfc062723c751e8b465ee728b)  -> (artifact id: 'e6d8fcd5abc870cf5b16b673b46e6365') in 0.035136 seconds
Number of updated asset objects reloaded before import = 0
Number of asset objects unloaded after import = 3
========================================================================
Received Import Request.
  Time since last request: 34.105344 seconds.
  path: Assets/Animations/Ghost2/Ghost1.anim
  artifactKey: Guid(152329a160d7140428ebab54b1a528da) Importer(815301076,1909f56bfc062723c751e8b465ee728b)
Start importing Assets/Animations/Ghost2/Ghost1.anim using Guid(152329a160d7140428ebab54b1a528da) Importer(815301076,1909f56bfc062723c751e8b465ee728b)  -> (artifact id: '18317e119e6401d35bcab486d78fa36f') in 0.001856 seconds
Number of updated asset objects reloaded before import = 0
Number of asset objects unloaded after import = 1
========================================================================
Received Import Request.
  Time since last request: 5.504340 seconds.
  path: Assets/Animations/Ghost2/Ghost2.anim
  artifactKey: Guid(152329a160d7140428ebab54b1a528da) Importer(815301076,1909f56bfc062723c751e8b465ee728b)
Start importing Assets/Animations/Ghost2/Ghost2.anim using Guid(152329a160d7140428ebab54b1a528da) Importer(815301076,1909f56bfc062723c751e8b465ee728b)  -> (artifact id: 'bfc7f137284c370411d7348dc1234921') in 0.002737 seconds
Number of updated asset objects reloaded before import = 0
Number of asset objects unloaded after import = 1
========================================================================
Received Import Request.
  Time since last request: 1.942022 seconds.
  path: Assets/Animations/Ghost3/Ghost1.anim
  artifactKey: Guid(ed61a6ceb6647854e9fe58eab7dc6d44) Importer(815301076,1909f56bfc062723c751e8b465ee728b)
Start importing Assets/Animations/Ghost3/Ghost1.anim using Guid(ed61a6ceb6647854e9fe58eab7dc6d44) Importer(815301076,1909f56bfc062723c751e8b465ee728b)  -> (artifact id: '44a4eefe83e62c3a0b6a01b1926e3e93') in 0.001467 seconds
Number of updated asset objects reloaded before import = 0
Number of asset objects unloaded after import = 1
========================================================================
Received Import Request.
  Time since last request: 5.018636 seconds.
  path: Assets/Animations/Ghost3/Ghost3.anim
  artifactKey: Guid(ed61a6ceb6647854e9fe58eab7dc6d44) Importer(815301076,1909f56bfc062723c751e8b465ee728b)
Start importing Assets/Animations/Ghost3/Ghost3.anim using Guid(ed61a6ceb6647854e9fe58eab7dc6d44) Importer(815301076,1909f56bfc062723c751e8b465ee728b)  -> (artifact id: '5052686705c3ab0dd7a7a0bc2991cee3') in 0.002477 seconds
Number of updated asset objects reloaded before import = 0
Number of asset objects unloaded after import = 1
========================================================================
Received Import Request.
  Time since last request: 2.059905 seconds.
  path: Assets/Animations/Ghost4/Ghost1.anim
  artifactKey: Guid(bf1779eaf5e90b94ca26109ea075e03a) Importer(815301076,1909f56bfc062723c751e8b465ee728b)
Start importing Assets/Animations/Ghost4/Ghost1.anim using Guid(bf1779eaf5e90b94ca26109ea075e03a) Importer(815301076,1909f56bfc062723c751e8b465ee728b)  -> (artifact id: '30aae606d12fc50df00f3dd762ed12f3') in 0.001154 seconds
Number of updated asset objects reloaded before import = 0
Number of asset objects unloaded after import = 1
========================================================================
Received Import Request.
  Time since last request: 5.365868 seconds.
  path: Assets/Animations/Ghost4/Ghost4.anim
  artifactKey: Guid(bf1779eaf5e90b94ca26109ea075e03a) Importer(815301076,1909f56bfc062723c751e8b465ee728b)
Start importing Assets/Animations/Ghost4/Ghost4.anim using Guid(bf1779eaf5e90b94ca26109ea075e03a) Importer(815301076,1909f56bfc062723c751e8b465ee728b)  -> (artifact id: '6d498a3be66b071b0057222238a5a29d') in 0.001467 seconds
Number of updated asset objects reloaded before import = 0
Number of asset objects unloaded after import = 1
========================================================================
Received Import Request.
  Time since last request: 191.818214 seconds.
  path: Assets/Animations/Ghost2/Ghost3
  artifactKey: Guid(eaf1b2e1a6de28d448da4246a94d6c89) Importer(815301076,1909f56bfc062723c751e8b465ee728b)
Start importing Assets/Animations/Ghost2/Ghost3 using Guid(eaf1b2e1a6de28d448da4246a94d6c89) Importer(815301076,1909f56bfc062723c751e8b465ee728b)  -> (artifact id: '53625ebe3401abc50f4d7c7d84a4ab96') in 0.000686 seconds
Number of updated asset objects reloaded before import = 0
Number of asset objects unloaded after import = 0
========================================================================
Received Import Request.
  Time since last request: 18.971892 seconds.
  path: Assets/Animations/Ghost2/Ghost2.png
  artifactKey: Guid(abe124037022845459707ad383d6a430) Importer(815301076,1909f56bfc062723c751e8b465ee728b)
Start importing Assets/Animations/Ghost2/Ghost2.png using Guid(abe124037022845459707ad383d6a430) Importer(815301076,1909f56bfc062723c751e8b465ee728b)  -> (artifact id: '8cebc4f60e58e3e4b83222351fa9ff9a') in 0.076290 seconds
Number of updated asset objects reloaded before import = 0
Number of asset objects unloaded after import = 3
========================================================================
Received Import Request.
  Time since last request: 0.000025 seconds.
  path: Assets/Animations/Ghost2/Ghost4.png
  artifactKey: Guid(8a779754f79242f4781b8eff018fd9a7) Importer(815301076,1909f56bfc062723c751e8b465ee728b)
Start importing Assets/Animations/Ghost2/Ghost4.png using Guid(8a779754f79242f4781b8eff018fd9a7) Importer(815301076,1909f56bfc062723c751e8b465ee728b)  -> (artifact id: '7496168c64fa04ad74d1d064b3ea1d44') in 0.078845 seconds
Number of updated asset objects reloaded before import = 0
Number of asset objects unloaded after import = 3
========================================================================
Received Import Request.
  Time since last request: 0.000235 seconds.
  path: Assets/Animations/Ghost2/Ghost6.png
  artifactKey: Guid(d1718d9b964f3c44b9660101507e6b8f) Importer(815301076,1909f56bfc062723c751e8b465ee728b)
Start importing Assets/Animations/Ghost2/Ghost6.png using Guid(d1718d9b964f3c44b9660101507e6b8f) Importer(815301076,1909f56bfc062723c751e8b465ee728b)  -> (artifact id: 'c3be61d2f48c5dd275aef9cac5d54cbf') in 0.080090 seconds
Number of updated asset objects reloaded before import = 0
Number of asset objects unloaded after import = 3
========================================================================
Received Import Request.
  Time since last request: 31.480450 seconds.
  path: Assets/Animations/Ghost3/Ghost3.png
  artifactKey: Guid(4fa9ef593c93ea142865e621a7320e54) Importer(815301076,1909f56bfc062723c751e8b465ee728b)
Start importing Assets/Animations/Ghost3/Ghost3.png using Guid(4fa9ef593c93ea142865e621a7320e54) Importer(815301076,1909f56bfc062723c751e8b465ee728b)  -> (artifact id: '3caec11df91aa26170e8cf26bcf40787') in 0.050566 seconds
Number of updated asset objects reloaded before import = 0
Number of asset objects unloaded after import = 3
========================================================================
Received Import Request.
  Time since last request: 0.000027 seconds.
  path: Assets/Animations/Ghost3/Ghost6.png
  artifactKey: Guid(c92b59e2f78e2b5499905cf510fc9e3f) Importer(815301076,1909f56bfc062723c751e8b465ee728b)
Start importing Assets/Animations/Ghost3/Ghost6.png using Guid(c92b59e2f78e2b5499905cf510fc9e3f) Importer(815301076,1909f56bfc062723c751e8b465ee728b)  -> (artifact id: 'bbd2a3309f46a1dd6bd11a9240bb7aeb') in 0.059931 seconds
Number of updated asset objects reloaded before import = 0
Number of asset objects unloaded after import = 3
========================================================================
Received Import Request.
  Time since last request: 0.000101 seconds.
  path: Assets/Animations/Ghost3/Ghost7.png
  artifactKey: Guid(d7f2d52ba2e773b4491e5607cb63e7c2) Importer(815301076,1909f56bfc062723c751e8b465ee728b)
Start importing Assets/Animations/Ghost3/Ghost7.png using Guid(d7f2d52ba2e773b4491e5607cb63e7c2) Importer(815301076,1909f56bfc062723c751e8b465ee728b)  -> (artifact id: 'd15bf8a376a411b8367464a0ec435784') in 0.056409 seconds
Number of updated asset objects reloaded before import = 0
Number of asset objects unloaded after import = 3
========================================================================
Received Import Request.
  Time since last request: 27.886183 seconds.
  path: Assets/Animations/Ghost4/GhostArc1.png
  artifactKey: Guid(7ea41e2307058064c9b43b6b840bca33) Importer(815301076,1909f56bfc062723c751e8b465ee728b)
Start importing Assets/Animations/Ghost4/GhostArc1.png using Guid(7ea41e2307058064c9b43b6b840bca33) Importer(815301076,1909f56bfc062723c751e8b465ee728b)  -> (artifact id: '5c552c2df7d2478b186755008aafb16a') in 0.045207 seconds
Number of updated asset objects reloaded before import = 0
Number of asset objects unloaded after import = 3
========================================================================
Received Import Request.
  Time since last request: 0.000033 seconds.
  path: Assets/Animations/Ghost4/GhostArc13.png
  artifactKey: Guid(8ec91a14ced06744491508c50401e51b) Importer(815301076,1909f56bfc062723c751e8b465ee728b)
Start importing Assets/Animations/Ghost4/GhostArc13.png using Guid(8ec91a14ced06744491508c50401e51b) Importer(815301076,1909f56bfc062723c751e8b465ee728b)  -> (artifact id: '8d495bbd72d10dfe639fa78dd55c6a98') in 0.043480 seconds
Number of updated asset objects reloaded before import = 0
Number of asset objects unloaded after import = 3
========================================================================
Received Import Request.
  Time since last request: 0.000062 seconds.
  path: Assets/Animations/Ghost4/GhostArc20.png
  artifactKey: Guid(2181aa873758d9b48bfacf96bb7c6430) Importer(815301076,1909f56bfc062723c751e8b465ee728b)
Start importing Assets/Animations/Ghost4/GhostArc20.png using Guid(2181aa873758d9b48bfacf96bb7c6430) Importer(815301076,1909f56bfc062723c751e8b465ee728b)  -> (artifact id: 'd2b44b2cd3b3daf2e377ef86bf76ea1b') in 0.055470 seconds
Number of updated asset objects reloaded before import = 0
Number of asset objects unloaded after import = 3
========================================================================
Received Import Request.
  Time since last request: 0.000072 seconds.
  path: Assets/Animations/Ghost4/GhostArc17.png
  artifactKey: Guid(3033ed2b5e24a224bbac4588b1eecede) Importer(815301076,1909f56bfc062723c751e8b465ee728b)
Start importing Assets/Animations/Ghost4/GhostArc17.png using Guid(3033ed2b5e24a224bbac4588b1eecede) Importer(815301076,1909f56bfc062723c751e8b465ee728b)  -> (artifact id: 'b75901ac952e5bb9220cd68edd502b81') in 0.073579 seconds
Number of updated asset objects reloaded before import = 0
Number of asset objects unloaded after import = 3
========================================================================
Received Import Request.
  Time since last request: 0.000240 seconds.
  path: Assets/Animations/Ghost4/GhostArc4.png
  artifactKey: Guid(36fee33d43a16db4f815fc90bbed5061) Importer(815301076,1909f56bfc062723c751e8b465ee728b)
Start importing Assets/Animations/Ghost4/GhostArc4.png using Guid(36fee33d43a16db4f815fc90bbed5061) Importer(815301076,1909f56bfc062723c751e8b465ee728b)  -> (artifact id: '0596d510bbe141a54a07412de429b16b') in 0.070966 seconds
Number of updated asset objects reloaded before import = 0
Number of asset objects unloaded after import = 3
========================================================================
Received Import Request.
  Time since last request: 0.000024 seconds.
  path: Assets/Animations/Ghost4/GhostArc21.png
  artifactKey: Guid(b8dcf4c47c144c34aa17488ef157e88a) Importer(815301076,1909f56bfc062723c751e8b465ee728b)
Start importing Assets/Animations/Ghost4/GhostArc21.png using Guid(b8dcf4c47c144c34aa17488ef157e88a) Importer(815301076,1909f56bfc062723c751e8b465ee728b)  -> (artifact id: 'bfe4cee8db9c5cfe4b0e8aba27ad38ab') in 0.061270 seconds
Number of updated asset objects reloaded before import = 0
Number of asset objects unloaded after import = 3
========================================================================
Received Import Request.
  Time since last request: 0.000030 seconds.
  path: Assets/Animations/Ghost4/GhostArc9.png
  artifactKey: Guid(d58f49421a043d044a117963dadec3b5) Importer(815301076,1909f56bfc062723c751e8b465ee728b)
Start importing Assets/Animations/Ghost4/GhostArc9.png using Guid(d58f49421a043d044a117963dadec3b5) Importer(815301076,1909f56bfc062723c751e8b465ee728b)  -> (artifact id: '4437b4c721e52010e22fb124f30c35dd') in 0.062222 seconds
Number of updated asset objects reloaded before import = 0
Number of asset objects unloaded after import = 3
========================================================================
Received Import Request.
  Time since last request: 0.000021 seconds.
  path: Assets/Animations/Ghost4/GhostArc11.png
  artifactKey: Guid(0b07e43519672a746ba8da4771938405) Importer(815301076,1909f56bfc062723c751e8b465ee728b)
Start importing Assets/Animations/Ghost4/GhostArc11.png using Guid(0b07e43519672a746ba8da4771938405) Importer(815301076,1909f56bfc062723c751e8b465ee728b)  -> (artifact id: '9ae41c30a2e9e19c9577a6d9737601ed') in 0.041879 seconds
Number of updated asset objects reloaded before import = 0
Number of asset objects unloaded after import = 3
========================================================================
Received Import Request.
  Time since last request: 0.000045 seconds.
  path: Assets/Animations/Ghost4/GhostArc15.png
  artifactKey: Guid(406ec9cf57e1bb14e9348affd65ae90e) Importer(815301076,1909f56bfc062723c751e8b465ee728b)
Start importing Assets/Animations/Ghost4/GhostArc15.png using Guid(406ec9cf57e1bb14e9348affd65ae90e) Importer(815301076,1909f56bfc062723c751e8b465ee728b)  -> (artifact id: '09867d69671346f30bfa3f8e339f3879') in 0.038382 seconds
Number of updated asset objects reloaded before import = 0
Number of asset objects unloaded after import = 3
========================================================================
Received Import Request.
  Time since last request: 0.000085 seconds.
  path: Assets/Animations/Ghost4/GhostArc14.png
  artifactKey: Guid(d48816ac39506aa428abe2f13fcf3f3b) Importer(815301076,1909f56bfc062723c751e8b465ee728b)
Start importing Assets/Animations/Ghost4/GhostArc14.png using Guid(d48816ac39506aa428abe2f13fcf3f3b) Importer(815301076,1909f56bfc062723c751e8b465ee728b)  -> (artifact id: '4b36eac9cd1c309001340d5ef5b1ddfc') in 0.040935 seconds
Number of updated asset objects reloaded before import = 0
Number of asset objects unloaded after import = 3
========================================================================
Received Import Request.
  Time since last request: 0.000469 seconds.
  path: Assets/Animations/Ghost4/GhostArc16.png
  artifactKey: Guid(435073bcf5ea26549989b0f4930eef3e) Importer(815301076,1909f56bfc062723c751e8b465ee728b)
Start importing Assets/Animations/Ghost4/GhostArc16.png using Guid(435073bcf5ea26549989b0f4930eef3e) Importer(815301076,1909f56bfc062723c751e8b465ee728b)  -> (artifact id: '8ca8393857dbc185c9c17b79185339b9') in 0.035075 seconds
Number of updated asset objects reloaded before import = 0
Number of asset objects unloaded after import = 3
========================================================================
Received Import Request.
  Time since last request: 0.000108 seconds.
  path: Assets/Animations/Ghost4/GhostArc24.png
  artifactKey: Guid(d2608b5349f28544f8e0eecaaeff27a8) Importer(815301076,1909f56bfc062723c751e8b465ee728b)
Start importing Assets/Animations/Ghost4/GhostArc24.png using Guid(d2608b5349f28544f8e0eecaaeff27a8) Importer(815301076,1909f56bfc062723c751e8b465ee728b)  -> (artifact id: 'a24023822da0c4942ed4a9be5343e80b') in 0.042027 seconds
Number of updated asset objects reloaded before import = 0
Number of asset objects unloaded after import = 3
========================================================================
Received Import Request.
  Time since last request: 82.885731 seconds.
  path: Assets/Animations/Ghost1.controller
  artifactKey: Guid(857fc0c5e7ac0e24ea1ff92a71b5f3b7) Importer(815301076,1909f56bfc062723c751e8b465ee728b)
Start importing Assets/Animations/Ghost1.controller using Guid(857fc0c5e7ac0e24ea1ff92a71b5f3b7) Importer(815301076,1909f56bfc062723c751e8b465ee728b)  -> (artifact id: '654bab4172ed503e0f3ddf675f60ffa1') in 0.002688 seconds
Number of updated asset objects reloaded before import = 0
Number of asset objects unloaded after import = 4
========================================================================
Received Import Request.
  Time since last request: 0.921056 seconds.
  path: Assets/Animations/Ghost1 1.controller
  artifactKey: Guid(4186cac269635ad4abc3b7d4294a2f9a) Importer(815301076,1909f56bfc062723c751e8b465ee728b)
Start importing Assets/Animations/Ghost1 1.controller using Guid(4186cac269635ad4abc3b7d4294a2f9a) Importer(815301076,1909f56bfc062723c751e8b465ee728b)  -> (artifact id: '4a4231309f32390e31e5164eb89228e2') in 0.001404 seconds
Number of updated asset objects reloaded before import = 0
Number of asset objects unloaded after import = 4
========================================================================
Received Import Request.
  Time since last request: 0.742460 seconds.
  path: Assets/Animations/Ghost1 2.controller
  artifactKey: Guid(f7243dd004ce80847a1b7f73ec0e4d87) Importer(815301076,1909f56bfc062723c751e8b465ee728b)
Start importing Assets/Animations/Ghost1 2.controller using Guid(f7243dd004ce80847a1b7f73ec0e4d87) Importer(815301076,1909f56bfc062723c751e8b465ee728b)  -> (artifact id: '3eeccad3545dcff0c04136c61f07824d') in 0.001587 seconds
Number of updated asset objects reloaded before import = 0
Number of asset objects unloaded after import = 4
========================================================================
Received Import Request.
  Time since last request: 0.624645 seconds.
  path: Assets/Animations/Ghost1 3.controller
  artifactKey: Guid(efcedf76998750345890d80abab43f3f) Importer(815301076,1909f56bfc062723c751e8b465ee728b)
Start importing Assets/Animations/Ghost1 3.controller using Guid(efcedf76998750345890d80abab43f3f) Importer(815301076,1909f56bfc062723c751e8b465ee728b)  -> (artifact id: '2c34189fb38ddd65e587717ac442223c') in 0.001537 seconds
Number of updated asset objects reloaded before import = 0
Number of asset objects unloaded after import = 4
========================================================================
Received Import Request.
  Time since last request: 7.360274 seconds.
  path: Assets/Animations/Ghost2.controller
  artifactKey: Guid(4186cac269635ad4abc3b7d4294a2f9a) Importer(815301076,1909f56bfc062723c751e8b465ee728b)
Start importing Assets/Animations/Ghost2.controller using Guid(4186cac269635ad4abc3b7d4294a2f9a) Importer(815301076,1909f56bfc062723c751e8b465ee728b)  -> (artifact id: '9b7152158a944f8ee1f16941aa9c5e3c') in 0.002026 seconds
Number of updated asset objects reloaded before import = 0
Number of asset objects unloaded after import = 4
========================================================================
Received Import Request.
  Time since last request: 10.361033 seconds.
  path: Assets/Animations/Ghost3.controller
  artifactKey: Guid(efcedf76998750345890d80abab43f3f) Importer(815301076,1909f56bfc062723c751e8b465ee728b)
Start importing Assets/Animations/Ghost3.controller using Guid(efcedf76998750345890d80abab43f3f) Importer(815301076,1909f56bfc062723c751e8b465ee728b)  -> (artifact id: '48035496881aa06aacc81cfa73c99c7e') in 0.001624 seconds
Number of updated asset objects reloaded before import = 0
Number of asset objects unloaded after import = 4
========================================================================
Received Import Request.
  Time since last request: 7.544397 seconds.
  path: Assets/Animations/Ghost4.controller
  artifactKey: Guid(f7243dd004ce80847a1b7f73ec0e4d87) Importer(815301076,1909f56bfc062723c751e8b465ee728b)
Start importing Assets/Animations/Ghost4.controller using Guid(f7243dd004ce80847a1b7f73ec0e4d87) Importer(815301076,1909f56bfc062723c751e8b465ee728b)  -> (artifact id: '54de1b4edbfe7b1ad3768974b1c9e43d') in 0.002038 seconds
Number of updated asset objects reloaded before import = 0
Number of asset objects unloaded after import = 4
========================================================================
Received Import Request.
  Time since last request: 19.036592 seconds.
  path: Assets/Animations/Ghost2
  artifactKey: Guid(caaaaf9b20c8052489a3fc0f6369b123) Importer(815301076,1909f56bfc062723c751e8b465ee728b)
Start importing Assets/Animations/Ghost2 using Guid(caaaaf9b20c8052489a3fc0f6369b123) Importer(815301076,1909f56bfc062723c751e8b465ee728b)  -> (artifact id: 'acdcaf604a5997ed36f9c28b1ec1dc27') in 0.000638 seconds
Number of updated asset objects reloaded before import = 0
Number of asset objects unloaded after import = 0
========================================================================
Received Prepare
Begin MonoManager ReloadAssembly
- Loaded All Assemblies, in  0.568 seconds
Refreshing native plugins compatible for Editor in 4.48 ms, found 4 plugins.
Native extension for WindowsStandalone target not found
[Package Manager] Server::EnsureServerProcessIsRunning -- launch failed, reason: Unity was launched with the -noUpm command-line argument
[Package Manager] UpmClient::Send -- Unable to send message (not connected to UPM process).
[Package Manager] Cannot connect to Unity Package Manager local server
Mono: successfully reloaded assembly
- Finished resetting the current domain, in  4.077 seconds
Domain Reload Profiling: 4641ms
	BeginReloadAssembly (150ms)
		ExecutionOrderSort (0ms)
		DisableScriptedObjects (10ms)
		BackupInstance (0ms)
		ReleaseScriptingObjects (0ms)
		CreateAndSetChildDomain (37ms)
	RebuildCommonClasses (29ms)
	RebuildNativeTypeToScriptingClass (10ms)
	initialDomainReloadingComplete (33ms)
	LoadAllAssembliesAndSetupDomain (342ms)
		LoadAssemblies (398ms)
		RebuildTransferFunctionScriptingTraits (0ms)
		AnalyzeDomain (18ms)
			TypeCache.Refresh (9ms)
				TypeCache.ScanAssembly (0ms)
			ScanForSourceGeneratedMonoScriptInfo (0ms)
			ResolveRequiredComponents (7ms)
	FinalizeReload (4078ms)
		ReleaseScriptCaches (0ms)
		RebuildScriptCaches (0ms)
		SetupLoadedEditorAssemblies (1823ms)
			LogAssemblyErrors (0ms)
			InitializePlatformSupportModulesInManaged (19ms)
			SetLoadedEditorAssemblies (14ms)
			RefreshPlugins (0ms)
			BeforeProcessingInitializeOnLoad (345ms)
			ProcessInitializeOnLoadAttributes (1274ms)
			ProcessInitializeOnLoadMethodAttributes (152ms)
			AfterProcessingInitializeOnLoad (18ms)
			EditorAssembliesLoaded (2ms)
		ExecutionOrderSort2 (0ms)
		AwakeInstancesAfterBackupRestoration (54ms)
Refreshing native plugins compatible for Editor in 5.81 ms, found 4 plugins.
Preloading 0 native plugins for Editor in 0.00 ms.
Unloading 4111 Unused Serialized files (Serialized files now loaded: 0)
Unloading 42 unused Assets / (216.9 KB). Loaded Objects now: 4597.
Memory consumption went from 152.5 MB to 152.3 MB.
Total: 2.938000 ms (FindLiveObjects: 0.355200 ms CreateObjectMapping: 0.151000 ms MarkObjects: 2.249300 ms  DeleteObjects: 0.181500 ms)

Prepare: number of updated asset objects reloaded= 0
AssetImportParameters requested are different than current active one (requested -> active):
  custom:container-demuxer-ogg: 62fdf1f143b41e24485cea50d1cbac27 -> 
  custom:video-decoder-ogg-theora: a1e56fd34408186e4bbccfd4996cb3dc -> 
  custom:framework-win-MediaFoundation: 216162199b28c13a410421893ffa2e32 -> 
  custom:CustomObjectIndexerAttribute: 6d391050e5a25f67b0a2c618074f2cd9 -> 
  custom:container-demuxer-webm: 4f35f7cbe854078d1ac9338744f61a02 -> 
  custom:container-muxer-webm: aa71ff27fc2769a1b78a27578f13a17b -> 
  custom:video-decoder-webm-vp8: 9c59270c3fd7afecdb556c50c9e8de78 -> 
  custom:SearchIndexIgnoredProperties: e643bd26f0fe6173181afceb89e7c659 -> 
  custom:AudioImporter_EditorPlatform: d09bf68614088b80899f8185d706f6e7 -> 
  custom:video-encoder-webm-vp8: eb34c28f22e8b96e1ab97ce403110664 -> 
  custom:audio-decoder-ogg-vorbis: bf7c407c2cedff20999df2af8eb42d56 -> 
  custom:audio-encoder-webm-vorbis: bf7c407c2cedff20999df2af8eb42d56 -> 
